#
# A fatal error has been detected by the Java Runtime Environment:
#
#  SIGSEGV (0xb) at pc=0x00002ac004dec0ba, pid=7902, tid=47004478073152
#
# JRE version: 6.0_30-b30
# Java VM: OpenJDK 64-Bit Server VM (23.25-b01 mixed mode linux-amd64 compressed oops)
# Problematic frame:
# v  ~BufferBlob::jni_fast_GetLongField
#
# Failed to write core dump. Core dumps have been disabled. To enable core dumping, try "ulimit -c unlimited" before starting Java again
#
# If you would like to submit a bug report, please include
# instructions how to reproduce the bug and visit:
#   http://icedtea.classpath.org/bugzilla
# The crash happened outside the Java Virtual Machine in native code.
# See problematic frame for where to report the bug.
#

---------------  T H R E A D  ---------------

Current thread (0x00002ac0181eb800):  JavaThread "AWT-XAWT" daemon [_thread_in_native, id=7917, stack(0x00002ac01527e000,0x00002ac01537f000)]

siginfo:si_signo=SIGSEGV: si_errno=0, si_code=1 (SEGV_MAPERR), si_addr=0x0000000000000000

Registers:
RAX=0x00002ac014850500, RBX=0x0000000000400001, RCX=0x00002ac004323c80, RDX=0x0000000000000042
RSP=0x00002ac01537d928, RBP=0x00002ac01537d950, RSI=0x0000000000000000, RDI=0x00002ac0181eb9d8
R8 =0x00000000ec7dc2a5, R9 =0x0000000000000000, R10=0x0000000000000010, R11=0x00002ac003e37de0
R12=0x00002ac0181eb9d8, R13=0x0000000000000000, R14=0x00002ac01537da60, R15=0x00002ac0181eb800
RIP=0x00002ac004dec0ba, EFLAGS=0x0000000000010246, CSGSFS=0x0000000000000033, ERR=0x0000000000000004
  TRAPNO=0x000000000000000e

Top of Stack: (sp=0x00002ac01537d928)
0x00002ac01537d928:   00002ac01461e7bd 0000000000000000
0x00002ac01537d938:   0000000000400001 0000000000000000
0x00002ac01537d948:   0000000759eb66e0 0000000009869340
0x00002ac01537d958:   0000003a1fa70bd2 0000000000400001
0x00002ac01537d968:   00000000092cf550 00000000000a0000
0x00002ac01537d978:   0000003a1fa6be92 0000000000000000
0x00002ac01537d988:   0000003a1fa281d4 0000000759eb66e0
0x00002ac01537d998:   00002ac01537d9b0 0000000000000000
0x00002ac01537d9a8:   00002ac01461548f 00002ac01537da28
0x00002ac01537d9b8:   00002ac004da3790 0000000000000000
0x00002ac01537d9c8:   0000000000000000 00002ac01537da30
0x00002ac01537d9d8:   00002ac004d97e9a 0000000763ee1328
0x00002ac01537d9e8:   00002ac01537d9e8 0000000000000000
0x00002ac01537d9f8:   00002ac01537da60 0000000759ebc0e8
0x00002ac01537da08:   0000000000000000 0000000759eb66e0
0x00002ac01537da18:   0000000000000000 00002ac01537da48
0x00002ac01537da28:   00002ac01537daa8 00002ac004d980c2
0x00002ac01537da38:   0000000763e77800 00002ac004da0580
0x00002ac01537da48:   0000000000000000 00002ac01537daa8
0x00002ac01537da58:   00000000092cf550 0000000763ee1328
0x00002ac01537da68:   00002ac01537da68 0000000759e95e01
0x00002ac01537da78:   00002ac01537daf8 0000000759ea2508
0x00002ac01537da88:   000000075a20acd8 0000000759e95f10
0x00002ac01537da98:   00002ac01537da48 00002ac01537daf0
0x00002ac01537daa8:   00002ac01537db40 00002ac004d97e9a
0x00002ac01537dab8:   0000000000000142 0000000000000000
0x00002ac01537dac8:   00000007cc0764d0 0000000000000000
0x00002ac01537dad8:   0000000000000000 0000000000000000
0x00002ac01537dae8:   0000000763ee1328 0000000000000000
0x00002ac01537daf8:   00000007cc607850 00002ac01537db00
0x00002ac01537db08:   0000000759e95b1d 00002ac01537db50
0x00002ac01537db18:   0000000759ea2508 0000000000000000 

Instructions: (pc=0x00002ac004dec0ba)
0x00002ac004dec09a:   00 00 00 00 00 00 44 8b 15 e1 ee 55 ff 4c 8b ce
0x00002ac004dec0aa:   41 f6 c2 01 0f 85 2e 00 00 00 4d 33 ca 4d 33 ca
0x00002ac004dec0ba:   4d 8b 09 4c 8b da 49 c1 eb 02 4b 8b 04 19 49 bb
0x00002ac004dec0ca:   88 af 34 04 c0 2a 00 00 4c 33 d8 4c 33 d8 45 3b 

Register to memory mapping:

RAX=0x00002ac014850500: <offset 0x24e500> in /usr/lib/jvm/java-1.6.0-openjdk-1.6.0.0.x86_64/jre/lib/amd64/xawt/libmawt.so at 0x00002ac014602000
RBX=0x0000000000400001: <offset 0x1> in appletviewer at 0x0000000000400000
RCX=0x00002ac004323c80: <offset 0xcefc80> in /usr/lib/jvm/java-1.6.0-openjdk-1.6.0.0.x86_64/jre/lib/amd64/server/libjvm.so at 0x00002ac003634000
RDX=0x0000000000000042 is an unknown value
RSP=0x00002ac01537d928 is pointing into the stack for thread: 0x00002ac0181eb800
RBP=0x00002ac01537d950 is pointing into the stack for thread: 0x00002ac0181eb800
RSI=0x0000000000000000 is an unknown value
RDI=0x00002ac0181eb9d8 is an unknown value
R8 =0x00000000ec7dc2a5 is an unknown value
R9 =0x0000000000000000 is an unknown value
R10=0x0000000000000010 is an unknown value
R11=0x00002ac003e37de0: <offset 0x803de0> in /usr/lib/jvm/java-1.6.0-openjdk-1.6.0.0.x86_64/jre/lib/amd64/server/libjvm.so at 0x00002ac003634000
R12=0x00002ac0181eb9d8 is an unknown value
R13=0x0000000000000000 is an unknown value
R14=0x00002ac01537da60 is pointing into the stack for thread: 0x00002ac0181eb800
R15=0x00002ac0181eb800 is a thread


Stack: [0x00002ac01527e000,0x00002ac01537f000],  sp=0x00002ac01537d928,  free space=1022k
Native frames: (J=compiled Java code, j=interpreted, Vv=VM code, C=native code)
v  ~BufferBlob::jni_fast_GetLongField

Java frames: (J=compiled Java code, j=interpreted, Vv=VM code)
j  sun.awt.X11.XlibWrapper.XFilterEvent(JJ)Z+0
j  sun.awt.X11.XToolkit.run(Z)V+249
j  sun.awt.X11.XToolkit.run()V+5
j  java.lang.Thread.run()V+11
v  ~StubRoutines::call_stub

---------------  P R O C E S S  ---------------

Java Threads: ( => current thread )
  0x00000000093e8000 JavaThread "SIGHUP handler" daemon [_thread_in_vm, id=11201, stack(0x00002ac015f89000,0x00002ac01608a000)]
  0x00002ac018366800 JavaThread "AWT-EventQueue-3" [_thread_blocked, id=7929, stack(0x00002ac01608a000,0x00002ac01618b000)]
  0x00002ac018365800 JavaThread "DestroyJavaVM" [_thread_blocked, id=7903, stack(0x00002ac00460c000,0x00002ac00470d000)]
  0x00002ac01824b000 JavaThread "thread applet-PointTest.class" [_thread_blocked, id=7927, stack(0x00002ac015e88000,0x00002ac015f89000)]
  0x00002ac018227800 JavaThread "AWT-EventQueue-2" [_thread_blocked, id=7925, stack(0x00002ac015582000,0x00002ac015683000)]
  0x00002ac01821f800 JavaThread "AWT-Shutdown" [_thread_blocked, id=7924, stack(0x00002ac015481000,0x00002ac015582000)]
  0x00002ac018216000 JavaThread "thread applet-ArrayListTest.class" [_thread_blocked, id=7923, stack(0x00002ac01537f000,0x00002ac015480000)]
=>0x00002ac0181eb800 JavaThread "AWT-XAWT" daemon [_thread_in_native, id=7917, stack(0x00002ac01527e000,0x00002ac01537f000)]
  0x00002ac0180da800 JavaThread "Java2D Disposer" daemon [_thread_blocked, id=7916, stack(0x00002ac014d0b000,0x00002ac014e0c000)]
  0x00000000091bf800 JavaThread "Low Memory Detector" daemon [_thread_blocked, id=7914, stack(0x00002ac0140c7000,0x00002ac0141c8000)]
  0x00000000091bd800 JavaThread "C2 CompilerThread1" daemon [_thread_blocked, id=7913, stack(0x00002ac013fc6000,0x00002ac0140c7000)]
  0x00000000091b9800 JavaThread "C2 CompilerThread0" daemon [_thread_blocked, id=7912, stack(0x00002ac013ec5000,0x00002ac013fc6000)]
  0x00000000091b7800 JavaThread "Signal Dispatcher" daemon [_thread_blocked, id=7911, stack(0x00002ac013dc4000,0x00002ac013ec5000)]
  0x0000000009163000 JavaThread "Finalizer" daemon [_thread_blocked, id=7910, stack(0x00002ac0106e8000,0x00002ac0107e9000)]
  0x0000000009161000 JavaThread "Reference Handler" daemon [_thread_blocked, id=7909, stack(0x00002ac0105e7000,0x00002ac0106e8000)]

Other Threads:
  0x0000000009152000 VMThread [stack: 0x00002ac0104e6000,0x00002ac0105e7000] [id=7908]
  0x00000000091ca800 WatcherThread [stack: 0x00002ac0141c8000,0x00002ac0142c9000] [id=7915]

VM state:not at safepoint (normal execution)

VM Mutex/Monitor currently owned by a thread: None

Heap
 PSYoungGen      total 6656K, used 5460K [0x00000007cbf60000, 0x00000007cc660000, 0x0000000800000000)
  eden space 6144K, 81% used [0x00000007cbf60000,0x00000007cc43cfe8,0x00000007cc560000)
  from space 512K, 93% used [0x00000007cc5e0000,0x00000007cc658020,0x00000007cc660000)
  to   space 512K, 0% used [0x00000007cc560000,0x00000007cc560000,0x00000007cc5e0000)
 ParOldGen       total 5504K, used 1127K [0x0000000763e00000, 0x0000000764360000, 0x00000007cbf60000)
  object space 5504K, 20% used [0x0000000763e00000,0x0000000763f19f10,0x0000000764360000)
 PSPermGen       total 21248K, used 10320K [0x0000000759800000, 0x000000075acc0000, 0x0000000763e00000)
  object space 21248K, 48% used [0x0000000759800000,0x000000075a2141b8,0x000000075acc0000)

Card table byte_map: [0x00002ac007e52000,0x00002ac008387000] byte_map_base: 0x00002ac004386000

Polling page: 0x00002ac004b4c000

Code Cache  [0x00002ac004d92000, 0x00002ac005002000, 0x00002ac007d92000)
 total_blobs=512 nmethods=107 adapters=358 free_code_cache=48466Kb largest_free_block=49607616

Compilation events (10 events):
Event: 2872.074 Thread 0x00000000091b9800  100             java.util.TreeMap::get (19 bytes)
Event: 2872.077 Thread 0x00000000091b9800 nmethod 100 0x00002ac004e3fed0 code [0x00002ac004e40020, 0x00002ac004e40198]
Event: 2972.849 Thread 0x00000000091bd800  101             sun.awt.X11.XEvent::get_xany (22 bytes)
Event: 2972.850 Thread 0x00000000091b9800  102             sun.awt.X11.XAnyEvent::<init> (30 bytes)
Event: 2972.852 Thread 0x00000000091b9800 nmethod 102 0x00002ac004e3d0d0 code [0x00002ac004e3d220, 0x00002ac004e3d308]
Event: 2972.852 Thread 0x00000000091bd800 nmethod 101 0x00002ac004e40350 code [0x00002ac004e404c0, 0x00002ac004e40698]
Event: 3009.603 Thread 0x00000000091b9800  103   !         sun.awt.X11.XToolkit::windowToXWindow (27 bytes)
Event: 3009.610 Thread 0x00000000091b9800 nmethod 103 0x00002ac004e407d0 code [0x00002ac004e40940, 0x00002ac004e40e98]
Event: 3534.873 Thread 0x00000000091bd800  104   !         sun.awt.X11.XToolkit::getNextTaskTime (62 bytes)
Event: 3534.882 Thread 0x00000000091bd800 nmethod 104 0x00002ac004e38f10 code [0x00002ac004e390a0, 0x00002ac004e393f0]

GC Heap History (4 events):
Event: 0.575 GC heap before
{Heap before GC invocations=1 (full 0):
 PSYoungGen      total 3584K, used 3072K [0x00000007cbf60000, 0x00000007cc360000, 0x0000000800000000)
  eden space 3072K, 100% used [0x00000007cbf60000,0x00000007cc260000,0x00000007cc260000)
  from space 512K, 0% used [0x00000007cc2e0000,0x00000007cc2e0000,0x00000007cc360000)
  to   space 512K, 0% used [0x00000007cc260000,0x00000007cc260000,0x00000007cc2e0000)
 ParOldGen       total 5504K, used 0K [0x0000000763e00000, 0x0000000764360000, 0x00000007cbf60000)
  object space 5504K, 0% used [0x0000000763e00000,0x0000000763e00000,0x0000000764360000)
 PSPermGen       total 21248K, used 8941K [0x0000000759800000, 0x000000075acc0000, 0x0000000763e00000)
  object space 21248K, 42% used [0x0000000759800000,0x000000075a0bb710,0x000000075acc0000)
Event: 0.589 GC heap after
Heap after GC invocations=1 (full 0):
 PSYoungGen      total 3584K, used 498K [0x00000007cbf60000, 0x00000007cc660000, 0x0000000800000000)
  eden space 3072K, 0% used [0x00000007cbf60000,0x00000007cbf60000,0x00000007cc260000)
  from space 512K, 97% used [0x00000007cc260000,0x00000007cc2dc820,0x00000007cc2e0000)
  to   space 512K, 0% used [0x00000007cc5e0000,0x00000007cc5e0000,0x00000007cc660000)
 ParOldGen       total 5504K, used 598K [0x0000000763e00000, 0x0000000764360000, 0x00000007cbf60000)
  object space 5504K, 10% used [0x0000000763e00000,0x0000000763e959d0,0x0000000764360000)
 PSPermGen       total 21248K, used 8941K [0x0000000759800000, 0x000000075acc0000, 0x0000000763e00000)
  object space 21248K, 42% used [0x0000000759800000,0x000000075a0bb710,0x000000075acc0000)
}
Event: 0.809 GC heap before
{Heap before GC invocations=2 (full 0):
 PSYoungGen      total 3584K, used 3563K [0x00000007cbf60000, 0x00000007cc660000, 0x0000000800000000)
  eden space 3072K, 99% used [0x00000007cbf60000,0x00000007cc25e3e0,0x00000007cc260000)
  from space 512K, 97% used [0x00000007cc260000,0x00000007cc2dc820,0x00000007cc2e0000)
  to   space 512K, 0% used [0x00000007cc5e0000,0x00000007cc5e0000,0x00000007cc660000)
 ParOldGen       total 5504K, used 598K [0x0000000763e00000, 0x0000000764360000, 0x00000007cbf60000)
  object space 5504K, 10% used [0x0000000763e00000,0x0000000763e959d0,0x0000000764360000)
 PSPermGen       total 21248K, used 9120K [0x0000000759800000, 0x000000075acc0000, 0x0000000763e00000)
  object space 21248K, 42% used [0x0000000759800000,0x000000075a0e82c8,0x000000075acc0000)
Event: 0.813 GC heap after
Heap after GC invocations=2 (full 0):
 PSYoungGen      total 6656K, used 480K [0x00000007cbf60000, 0x00000007cc660000, 0x0000000800000000)
  eden space 6144K, 0% used [0x00000007cbf60000,0x00000007cbf60000,0x00000007cc560000)
  from space 512K, 93% used [0x00000007cc5e0000,0x00000007cc658020,0x00000007cc660000)
  to   space 512K, 0% used [0x00000007cc560000,0x00000007cc560000,0x00000007cc5e0000)
 ParOldGen       total 5504K, used 1127K [0x0000000763e00000, 0x0000000764360000, 0x00000007cbf60000)
  object space 5504K, 20% used [0x0000000763e00000,0x0000000763f19f10,0x0000000764360000)
 PSPermGen       total 21248K, used 9120K [0x0000000759800000, 0x000000075acc0000, 0x0000000763e00000)
  object space 21248K, 42% used [0x0000000759800000,0x000000075a0e82c8,0x000000075acc0000)
}

Deoptimization events (6 events):
Event: 0.168 Thread 0x00000000090c7800 Uncommon trap -34 fr.pc 0x00002ac004df4938
Event: 0.168 Thread 0x00000000090c7800 Uncommon trap -34 fr.pc 0x00002ac004df4938
Event: 0.512 Thread 0x00000000090c7800 Uncommon trap 93 fr.pc 0x00002ac004dfccbc
Event: 0.763 Thread 0x00002ac018227800 Uncommon trap 22 fr.pc 0x00002ac004e21c28
Event: 0.764 Thread 0x00002ac018227800 Uncommon trap -67 fr.pc 0x00002ac004e1ae5c
Event: 0.801 Thread 0x00002ac018227800 Uncommon trap 51 fr.pc 0x00002ac004e16d24

Internal exceptions (10 events):
Event: 0.593 Thread 0x00002ac018227800 Threw 0x00000007cbf83820 at /builddir/build/BUILD/icedtea6-1.13.1/openjdk/hotspot/src/share/vm/prims/jni.cpp:716
Event: 0.598 Thread 0x00002ac018227800 Threw 0x00000007cbff1260 at /builddir/build/BUILD/icedtea6-1.13.1/openjdk/hotspot/src/share/vm/prims/jni.cpp:716
Event: 0.903 Thread 0x0000000009810000 Threw 0x00000007cc0aa6b8 at /builddir/build/BUILD/icedtea6-1.13.1/openjdk/hotspot/src/share/vm/classfile/systemDictionary.cpp:179
Event: 0.903 Thread 0x0000000009810000 Threw 0x00000007cc0aa968 at /builddir/build/BUILD/icedtea6-1.13.1/openjdk/hotspot/src/share/vm/prims/jvm.cpp:1235
Event: 0.903 Thread 0x0000000009810000 Threw 0x00000007cc0aac18 at /builddir/build/BUILD/icedtea6-1.13.1/openjdk/hotspot/src/share/vm/prims/jvm.cpp:1235
Event: 0.903 Thread 0x0000000009810000 Threw 0x00000007cc0aaec8 at /builddir/build/BUILD/icedtea6-1.13.1/openjdk/hotspot/src/share/vm/prims/jvm.cpp:1235
Event: 0.942 Thread 0x0000000009860000 Threw 0x00000007cc11ccc0 at /builddir/build/BUILD/icedtea6-1.13.1/openjdk/hotspot/src/share/vm/classfile/systemDictionary.cpp:179
Event: 0.942 Thread 0x0000000009860000 Threw 0x00000007cc11cf68 at /builddir/build/BUILD/icedtea6-1.13.1/openjdk/hotspot/src/share/vm/prims/jvm.cpp:1235
Event: 0.942 Thread 0x0000000009860000 Threw 0x00000007cc11d210 at /builddir/build/BUILD/icedtea6-1.13.1/openjdk/hotspot/src/share/vm/prims/jvm.cpp:1235
Event: 0.942 Thread 0x0000000009860000 Threw 0x00000007cc11d4b8 at /builddir/build/BUILD/icedtea6-1.13.1/openjdk/hotspot/src/share/vm/prims/jvm.cpp:1235

Events (10 events):
Event: 1.259 loading class 0x00002ac018080d20 done
Event: 4.227 Executing VM operation: EnableBiasedLocking
Event: 4.227 Executing VM operation: EnableBiasedLocking done
Event: 214.954 Thread 0x00000000091bd800 flushing nmethod 0x00002ac004dfc510
Event: 219.461 loading class 0x00002ac0181c4cd0
Event: 219.461 loading class 0x00002ac0181c4cd0 done
Event: 219.693 loading class 0x00002ac0181c4bf0
Event: 219.693 loading class 0x00002ac0181c4bf0 done
Event: 547.885 loading class 0x00002ac018211cf0
Event: 547.885 loading class 0x00002ac018211cf0 done


Dynamic libraries:
00400000-0040a000 r-xp 00000000 fd:00 4358296                            /usr/lib/jvm/java-1.6.0-openjdk-1.6.0.0.x86_64/bin/appletviewer
00609000-0060b000 rw-p 00009000 fd:00 4358296                            /usr/lib/jvm/java-1.6.0-openjdk-1.6.0.0.x86_64/bin/appletviewer
090be000-09883000 rw-p 090be000 00:00 0                                  [heap]
759800000-75acc0000 rw-p 759800000 00:00 0 
75acc0000-763e00000 rw-p 75acc0000 00:00 0 
763e00000-764360000 rw-p 763e00000 00:00 0 
764360000-7cbf60000 rw-p 764360000 00:00 0 
7cbf60000-7cc660000 rw-p 7cbf60000 00:00 0 
7cc660000-800000000 rw-p 7cc660000 00:00 0 
3a1da00000-3a1da1c000 r-xp 00000000 fd:00 327689                         /lib64/ld-2.5.so
3a1dc1c000-3a1dc1d000 r--p 0001c000 fd:00 327689                         /lib64/ld-2.5.so
3a1dc1d000-3a1dc1e000 rw-p 0001d000 fd:00 327689                         /lib64/ld-2.5.so
3a1de00000-3a1df4f000 r-xp 00000000 fd:00 327871                         /lib64/libc-2.5.so
3a1df4f000-3a1e14f000 ---p 0014f000 fd:00 327871                         /lib64/libc-2.5.so
3a1e14f000-3a1e153000 r--p 0014f000 fd:00 327871                         /lib64/libc-2.5.so
3a1e153000-3a1e154000 rw-p 00153000 fd:00 327871                         /lib64/libc-2.5.so
3a1e154000-3a1e159000 rw-p 3a1e154000 00:00 0 
3a1e200000-3a1e204000 r-xp 00000000 fd:00 197176                         /usr/lib/jvm/java-1.6.0-openjdk-1.6.0.0.x86_64/lib/amd64/jli/libjli.so
3a1e204000-3a1e403000 ---p 00004000 fd:00 197176                         /usr/lib/jvm/java-1.6.0-openjdk-1.6.0.0.x86_64/lib/amd64/jli/libjli.so
3a1e403000-3a1e404000 rw-p 00003000 fd:00 197176                         /usr/lib/jvm/java-1.6.0-openjdk-1.6.0.0.x86_64/lib/amd64/jli/libjli.so
3a1e600000-3a1e602000 r-xp 00000000 fd:00 329421                         /lib64/libdl-2.5.so
3a1e602000-3a1e802000 ---p 00002000 fd:00 329421                         /lib64/libdl-2.5.so
3a1e802000-3a1e803000 r--p 00002000 fd:00 329421                         /lib64/libdl-2.5.so
3a1e803000-3a1e804000 rw-p 00003000 fd:00 329421                         /lib64/libdl-2.5.so
3a1ea00000-3a1ea14000 r-xp 00000000 fd:00 329428                         /lib64/libz.so.1.2.3
3a1ea14000-3a1ec13000 ---p 00014000 fd:00 329428                         /lib64/libz.so.1.2.3
3a1ec13000-3a1ec14000 rw-p 00013000 fd:00 329428                         /lib64/libz.so.1.2.3
3a1ee00000-3a1ee16000 r-xp 00000000 fd:00 329335                         /lib64/libpthread-2.5.so
3a1ee16000-3a1f016000 ---p 00016000 fd:00 329335                         /lib64/libpthread-2.5.so
3a1f016000-3a1f017000 r--p 00016000 fd:00 329335                         /lib64/libpthread-2.5.so
3a1f017000-3a1f018000 rw-p 00017000 fd:00 329335                         /lib64/libpthread-2.5.so
3a1f018000-3a1f01c000 rw-p 3a1f018000 00:00 0 
3a1f200000-3a1f207000 r-xp 00000000 fd:00 329408                         /lib64/librt-2.5.so
3a1f207000-3a1f407000 ---p 00007000 fd:00 329408                         /lib64/librt-2.5.so
3a1f407000-3a1f408000 r--p 00007000 fd:00 329408                         /lib64/librt-2.5.so
3a1f408000-3a1f409000 rw-p 00008000 fd:00 329408                         /lib64/librt-2.5.so
3a1f600000-3a1f602000 r-xp 00000000 fd:00 3183177                        /usr/lib64/libXau.so.6.0.0
3a1f602000-3a1f801000 ---p 00002000 fd:00 3183177                        /usr/lib64/libXau.so.6.0.0
3a1f801000-3a1f802000 rw-p 00001000 fd:00 3183177                        /usr/lib64/libXau.so.6.0.0
3a1fa00000-3a1fb05000 r-xp 00000000 fd:00 3185732                        /usr/lib64/libX11.so.6.2.0
3a1fb05000-3a1fd05000 ---p 00105000 fd:00 3185732                        /usr/lib64/libX11.so.6.2.0
3a1fd05000-3a1fd0c000 rw-p 00105000 fd:00 3185732                        /usr/lib64/libX11.so.6.2.0
3a1fe00000-3a1fe05000 r-xp 00000000 fd:00 3185730                        /usr/lib64/libXdmcp.so.6.0.0
3a1fe05000-3a20004000 ---p 00005000 fd:00 3185730                        /usr/lib64/libXdmcp.so.6.0.0
3a20004000-3a20005000 rw-p 00004000 fd:00 3185730                        /usr/lib64/libXdmcp.so.6.0.0
3a20a00000-3a20a10000 r-xp 00000000 fd:00 3187018                        /usr/lib64/libXext.so.6.4.0
3a20a10000-3a20c10000 ---p 00010000 fd:00 3187018                        /usr/lib64/libXext.so.6.4.0
3a20c10000-3a20c11000 rw-p 00010000 fd:00 3187018                        /usr/lib64/libXext.so.6.4.0
3a20e00000-3a20e7f000 r-xp 00000000 fd:00 3181562                        /usr/lib64/libfreetype.so.6.3.10
3a20e7f000-3a2107f000 ---p 0007f000 fd:00 3181562                        /usr/lib64/libfreetype.so.6.3.10
3a2107f000-3a21084000 rw-p 0007f000 fd:00 3181562                        /usr/lib64/libfreetype.so.6.3.10
3a22a00000-3a22a09000 r-xp 00000000 fd:00 3186011                        /usr/lib64/libXrender.so.1.3.0
3a22a09000-3a22c08000 ---p 00009000 fd:00 3186011                        /usr/lib64/libXrender.so.1.3.0
3a22c08000-3a22c09000 rw-p 00008000 fd:00 3186011                        /usr/lib64/libXrender.so.1.3.0
3a23a00000-3a23a08000 r-xp 00000000 fd:00 3188176                        /usr/lib64/libXi.so.6.0.0
3a23a08000-3a23c07000 ---p 00008000 fd:00 3188176                        /usr/lib64/libXi.so.6.0.0
3a23c07000-3a23c08000 rw-p 00007000 fd:00 3188176                        /usr/lib64/libXi.so.6.0.0
3a24c00000-3a24c09000 r-xp 00000000 fd:00 3196054                        /usr/lib64/libXcursor.so.1.0.2
3a24c09000-3a24e09000 ---p 00009000 fd:00 3196054                        /usr/lib64/libXcursor.so.1.0.2
3a24e09000-3a24e0a000 rw-p 00009000 fd:00 3196054                        /usr/lib64/libXcursor.so.1.0.2
3a25c00000-3a25c05000 r-xp 00000000 fd:00 3193653                        /usr/lib64/libXfixes.so.3.1.0
3a25c05000-3a25e04000 ---p 00005000 fd:00 3193653                        /usr/lib64/libXfixes.so.3.1.0
3a25e04000-3a25e05000 rw-p 00004000 fd:00 3193653                        /usr/lib64/libXfixes.so.3.1.0
3a26400000-3a26415000 r-xp 00000000 fd:00 329418                         /lib64/libnsl-2.5.so
3a26415000-3a26614000 ---p 00015000 fd:00 329418                         /lib64/libnsl-2.5.so
3a26614000-3a26615000 r--p 00014000 fd:00 329418                         /lib64/libnsl-2.5.so
3a26615000-3a26616000 rw-p 00015000 fd:00 329418                         /lib64/libnsl-2.5.so
3a26616000-3a26618000 rw-p 3a26616000 00:00 0 
3a29000000-3a2900d000 r-xp 00000000 fd:00 329434                         /lib64/libgcc_s-4.1.2-20080825.so.1
3a2900d000-3a2920d000 ---p 0000d000 fd:00 329434                         /lib64/libgcc_s-4.1.2-20080825.so.1
3a2920d000-3a2920e000 rw-p 0000d000 fd:00 329434                         /lib64/libgcc_s-4.1.2-20080825.so.1
3a2c000000-3a2c0e6000 r-xp 00000000 fd:00 3197458                        /usr/lib64/libstdc++.so.6.0.8
3a2c0e6000-3a2c2e5000 ---p 000e6000 fd:00 3197458                        /usr/lib64/libstdc++.so.6.0.8
3a2c2e5000-3a2c2eb000 r--p 000e5000 fd:00 3197458                        /usr/lib64/libstdc++.so.6.0.8
3a2c2eb000-3a2c2ee000 rw-p 000eb000 fd:00 3197458                        /usr/lib64/libstdc++.so.6.0.8
3a2c2ee000-3a2c300000 rw-p 3a2c2ee000 00:00 0 
2ac00360a000-2ac00360c000 rw-p 2ac00360a000 00:00 0 
2ac003630000-2ac003634000 rw-p 2ac003630000 00:00 0 
2ac003634000-2ac004096000 r-xp 00000000 fd:00 3965077                    /usr/lib/jvm/java-1.6.0-openjdk-1.6.0.0.x86_64/jre/lib/amd64/server/libjvm.so
2ac004096000-2ac004296000 ---p 00a62000 fd:00 3965077                    /usr/lib/jvm/java-1.6.0-openjdk-1.6.0.0.x86_64/jre/lib/amd64/server/libjvm.so
2ac004296000-2ac00433b000 rw-p 00a62000 fd:00 3965077                    /usr/lib/jvm/java-1.6.0-openjdk-1.6.0.0.x86_64/jre/lib/amd64/server/libjvm.so
2ac00433b000-2ac004365000 rw-p 2ac00433b000 00:00 0 
2ac004389000-2ac00440b000 r-xp 00000000 fd:00 329422                     /lib64/libm-2.5.so
2ac00440b000-2ac00460a000 ---p 00082000 fd:00 329422                     /lib64/libm-2.5.so
2ac00460a000-2ac00460b000 r--p 00081000 fd:00 329422                     /lib64/libm-2.5.so
2ac00460b000-2ac00460c000 rw-p 00082000 fd:00 329422                     /lib64/libm-2.5.so
2ac00460c000-2ac00460f000 ---p 2ac00460c000 00:00 0 
2ac00460f000-2ac00470d000 rw-p 2ac00460f000 00:00 0 
2ac00470d000-2ac00471b000 r-xp 00000000 fd:00 3932454                    /usr/lib/jvm/java-1.6.0-openjdk-1.6.0.0.x86_64/jre/lib/amd64/libverify.so
2ac00471b000-2ac00491a000 ---p 0000e000 fd:00 3932454                    /usr/lib/jvm/java-1.6.0-openjdk-1.6.0.0.x86_64/jre/lib/amd64/libverify.so
2ac00491a000-2ac00491c000 rw-p 0000d000 fd:00 3932454                    /usr/lib/jvm/java-1.6.0-openjdk-1.6.0.0.x86_64/jre/lib/amd64/libverify.so
2ac00491c000-2ac004949000 r-xp 00000000 fd:00 3932435                    /usr/lib/jvm/java-1.6.0-openjdk-1.6.0.0.x86_64/jre/lib/amd64/libjava.so
2ac004949000-2ac004b48000 ---p 0002d000 fd:00 3932435                    /usr/lib/jvm/java-1.6.0-openjdk-1.6.0.0.x86_64/jre/lib/amd64/libjava.so
2ac004b48000-2ac004b4c000 rw-p 0002c000 fd:00 3932435                    /usr/lib/jvm/java-1.6.0-openjdk-1.6.0.0.x86_64/jre/lib/amd64/libjava.so
2ac004b4c000-2ac004b4d000 r--p 2ac004b4c000 00:00 0 
2ac004b4d000-2ac004b4e000 rw-p 2ac004b4d000 00:00 0 
2ac004b4e000-2ac004b83000 r--s 00000000 fd:00 4100282                    /var/db/nscd/passwd
2ac004b83000-2ac004b8b000 rw-s 00000000 fd:00 362551                     /tmp/hsperfdata_j6313067/7902
2ac004b8b000-2ac004b92000 r-xp 00000000 fd:00 3932455                    /usr/lib/jvm/java-1.6.0-openjdk-1.6.0.0.x86_64/jre/lib/amd64/libzip.so
2ac004b92000-2ac004d91000 ---p 00007000 fd:00 3932455                    /usr/lib/jvm/java-1.6.0-openjdk-1.6.0.0.x86_64/jre/lib/amd64/libzip.so
2ac004d91000-2ac004d92000 rw-p 00006000 fd:00 3932455                    /usr/lib/jvm/java-1.6.0-openjdk-1.6.0.0.x86_64/jre/lib/amd64/libzip.so
2ac004d92000-2ac005002000 rwxp 2ac004d92000 00:00 0 
2ac005002000-2ac007d92000 rw-p 2ac005002000 00:00 0 
2ac007d92000-2ac007d9c000 rw-p 2ac007d92000 00:00 0 
2ac007d9c000-2ac007e52000 rw-p 2ac007d9c000 00:00 0 
2ac007e52000-2ac007e5d000 rw-p 2ac007e52000 00:00 0 
2ac007e5d000-2ac007ea5000 rw-p 2ac007e5d000 00:00 0 
2ac007ea5000-2ac007ea8000 rw-p 2ac007ea5000 00:00 0 
2ac007ea8000-2ac0081e5000 rw-p 2ac007ea8000 00:00 0 
2ac0081e5000-2ac0081ea000 rw-p 2ac0081e5000 00:00 0 
2ac0081ea000-2ac008386000 rw-p 2ac0081ea000 00:00 0 
2ac008386000-2ac00838a000 rw-p 2ac008386000 00:00 0 
2ac00838a000-2ac0086c8000 rw-p 2ac00838a000 00:00 0 
2ac0086c8000-2ac0086d3000 rw-p 2ac0086c8000 00:00 0 
2ac0086d3000-2ac00871b000 rw-p 2ac0086d3000 00:00 0 
2ac00871b000-2ac00871c000 ---p 2ac00871b000 00:00 0 
2ac00871c000-2ac00881c000 rw-p 2ac00871c000 00:00 0 
2ac00881c000-2ac00881d000 ---p 2ac00881c000 00:00 0 
2ac00881d000-2ac00891d000 rw-p 2ac00881d000 00:00 0 
2ac00891d000-2ac00891e000 ---p 2ac00891d000 00:00 0 
2ac00891e000-2ac008a1e000 rw-p 2ac00891e000 00:00 0 
2ac008a1e000-2ac008a1f000 ---p 2ac008a1e000 00:00 0 
2ac008a1f000-2ac00f357000 rw-p 2ac008a1f000 00:00 0 
2ac00f357000-2ac00f4fc000 r--s 019c2000 fd:00 3932493                    /usr/lib/jvm/java-1.6.0-openjdk-1.6.0.0.x86_64/jre/lib/rt.jar
2ac00f4fc000-2ac0104e6000 rw-p 2ac00f4fc000 00:00 0 
2ac0104e6000-2ac0104e7000 ---p 2ac0104e6000 00:00 0 
2ac0104e7000-2ac0105e7000 rw-p 2ac0104e7000 00:00 0 
2ac0105e7000-2ac0105ea000 ---p 2ac0105e7000 00:00 0 
2ac0105ea000-2ac0106e8000 rw-p 2ac0105ea000 00:00 0 
2ac0106e8000-2ac0106eb000 ---p 2ac0106e8000 00:00 0 
2ac0106eb000-2ac0107e9000 rw-p 2ac0106eb000 00:00 0 
2ac0107e9000-2ac013dc4000 r--p 00000000 fd:00 3182125                    /usr/lib/locale/locale-archive
2ac013dc4000-2ac013dc7000 ---p 2ac013dc4000 00:00 0 
2ac013dc7000-2ac013ec5000 rw-p 2ac013dc7000 00:00 0 
2ac013ec5000-2ac013ec8000 ---p 2ac013ec5000 00:00 0 
2ac013ec8000-2ac013fc6000 rw-p 2ac013ec8000 00:00 0 
2ac013fc6000-2ac013fc9000 ---p 2ac013fc6000 00:00 0 
2ac013fc9000-2ac0140c7000 rw-p 2ac013fc9000 00:00 0 
2ac0140c7000-2ac0140ca000 ---p 2ac0140c7000 00:00 0 
2ac0140ca000-2ac0141c8000 rw-p 2ac0140ca000 00:00 0 
2ac0141c8000-2ac0141c9000 ---p 2ac0141c8000 00:00 0 
2ac0141c9000-2ac0142c9000 rw-p 2ac0141c9000 00:00 0 
2ac0142c9000-2ac0142d2000 r--s 00060000 fd:00 4096027                    /usr/lib/jvm/java-1.6.0-openjdk-1.6.0.0.x86_64/jre/lib/ext/gnome-java-bridge.jar
2ac0142d2000-2ac014337000 r--s 005f1000 fd:00 4358849                    /usr/lib/jvm/java-1.6.0-openjdk-1.6.0.0.x86_64/lib/tools.jar
2ac014337000-2ac0143d2000 r-xp 00000000 fd:00 3932424                    /usr/lib/jvm/java-1.6.0-openjdk-1.6.0.0.x86_64/jre/lib/amd64/libawt.so
2ac0143d2000-2ac0145d2000 ---p 0009b000 fd:00 3932424                    /usr/lib/jvm/java-1.6.0-openjdk-1.6.0.0.x86_64/jre/lib/amd64/libawt.so
2ac0145d2000-2ac0145de000 rw-p 0009b000 fd:00 3932424                    /usr/lib/jvm/java-1.6.0-openjdk-1.6.0.0.x86_64/jre/lib/amd64/libawt.so
2ac0145de000-2ac014602000 rw-p 2ac0145de000 00:00 0 
2ac014602000-2ac01464d000 r-xp 00000000 fd:00 4000780                    /usr/lib/jvm/java-1.6.0-openjdk-1.6.0.0.x86_64/jre/lib/amd64/xawt/libmawt.so
2ac01464d000-2ac01484c000 ---p 0004b000 fd:00 4000780                    /usr/lib/jvm/java-1.6.0-openjdk-1.6.0.0.x86_64/jre/lib/amd64/xawt/libmawt.so
2ac01484c000-2ac014850000 rw-p 0004a000 fd:00 4000780                    /usr/lib/jvm/java-1.6.0-openjdk-1.6.0.0.x86_64/jre/lib/amd64/xawt/libmawt.so
2ac014850000-2ac014851000 rw-p 2ac014850000 00:00 0 
2ac014851000-2ac014858000 r--s 00000000 fd:00 3901743                    /var/cache/fontconfig/beeeeb3dfe132a8a0633a017c99ce0c0-x86-64.cache-2
2ac014858000-2ac014863000 r--s 00000000 fd:00 3901707                    /var/cache/fontconfig/e19de935dec46bbf3ed114ee4965548a-x86-64.cache-2
2ac014863000-2ac014866000 r--s 00000000 fd:00 3901692                    /var/cache/fontconfig/e3ead4b767b8819993a6fa3ae306afa9-x86-64.cache-2
2ac014866000-2ac01486d000 r--s 00000000 fd:00 3901727                    /var/cache/fontconfig/7ddba6133ef499da58de5e8c586d3b75-x86-64.cache-2
2ac01486d000-2ac014871000 r--s 00000000 fd:00 3901726                    /var/cache/fontconfig/b67b32625a2bb51b023d3814a918f351-x86-64.cache-2
2ac014875000-2ac01487a000 r-xp 00000000 fd:00 3193225                    /usr/lib64/libXtst.so.6.1.0
2ac01487a000-2ac014a79000 ---p 00005000 fd:00 3193225                    /usr/lib64/libXtst.so.6.1.0
2ac014a79000-2ac014a7a000 rw-p 00004000 fd:00 3193225                    /usr/lib64/libXtst.so.6.1.0
2ac014a7a000-2ac014aaf000 r--s 00000000 fd:00 4100284                    /var/db/nscd/hosts
2ac014aaf000-2ac014b08000 r-xp 00000000 fd:00 3932426                    /usr/lib/jvm/java-1.6.0-openjdk-1.6.0.0.x86_64/jre/lib/amd64/libfontmanager.so
2ac014b08000-2ac014d08000 ---p 00059000 fd:00 3932426                    /usr/lib/jvm/java-1.6.0-openjdk-1.6.0.0.x86_64/jre/lib/amd64/libfontmanager.so
2ac014d08000-2ac014d0b000 rw-p 00059000 fd:00 3932426                    /usr/lib/jvm/java-1.6.0-openjdk-1.6.0.0.x86_64/jre/lib/amd64/libfontmanager.so
2ac014d0b000-2ac014d0e000 ---p 2ac014d0b000 00:00 0 
2ac014d0e000-2ac014e0c000 rw-p 2ac014d0e000 00:00 0 
2ac014e0c000-2ac014e13000 r--s 00000000 fd:00 3901743                    /var/cache/fontconfig/beeeeb3dfe132a8a0633a017c99ce0c0-x86-64.cache-2
2ac014e13000-2ac014e1e000 r--s 00000000 fd:00 3901707                    /var/cache/fontconfig/e19de935dec46bbf3ed114ee4965548a-x86-64.cache-2
2ac014e1e000-2ac014e21000 r--s 00000000 fd:00 3901692                    /var/cache/fontconfig/e3ead4b767b8819993a6fa3ae306afa9-x86-64.cache-2
2ac014e21000-2ac014e28000 r--s 00000000 fd:00 3901727                    /var/cache/fontconfig/7ddba6133ef499da58de5e8c586d3b75-x86-64.cache-2
2ac014e28000-2ac014e2c000 r--s 00000000 fd:00 3901726                    /var/cache/fontconfig/b67b32625a2bb51b023d3814a918f351-x86-64.cache-2
2ac014e2c000-2ac014e34000 r--s 00000000 fd:00 3901741                    /var/cache/fontconfig/b79f3aaa7d385a141ab53ec885cc22a8-x86-64.cache-2
2ac014e34000-2ac014e36000 r--s 00000000 fd:00 3901739                    /var/cache/fontconfig/87f5e051180a7a75f16eb6fe7dbd3749-x86-64.cache-2
2ac014e36000-2ac014e39000 r--s 00000000 fd:00 3901746                    /var/cache/fontconfig/fdb4a018037c133ed2ff41d1378148d0-x86-64.cache-2
2ac014e39000-2ac014e3c000 r--s 00000000 fd:00 3901748                    /var/cache/fontconfig/ae30b330df83ba0e904b3d2eb05b9c75-x86-64.cache-2
2ac014e3c000-2ac014e52000 r--s 00000000 fd:00 3901749                    /var/cache/fontconfig/d066cc093611c74861a22d5ef60b042c-x86-64.cache-2
2ac014e52000-2ac014e67000 r-xp 00000000 fd:00 3932446                    /usr/lib/jvm/java-1.6.0-openjdk-1.6.0.0.x86_64/jre/lib/amd64/libnet.so
2ac014e67000-2ac015066000 ---p 00015000 fd:00 3932446                    /usr/lib/jvm/java-1.6.0-openjdk-1.6.0.0.x86_64/jre/lib/amd64/libnet.so
2ac015066000-2ac015067000 rw-p 00014000 fd:00 3932446                    /usr/lib/jvm/java-1.6.0-openjdk-1.6.0.0.x86_64/jre/lib/amd64/libnet.so
2ac015067000-2ac01506f000 r-xp 00000000 fd:00 3932447                    /usr/lib/jvm/java-1.6.0-openjdk-1.6.0.0.x86_64/jre/lib/amd64/libnio.so
2ac01506f000-2ac01526e000 ---p 00008000 fd:00 3932447                    /usr/lib/jvm/java-1.6.0-openjdk-1.6.0.0.x86_64/jre/lib/amd64/libnio.so
2ac01526e000-2ac01526f000 rw-p 00007000 fd:00 3932447                    /usr/lib/jvm/java-1.6.0-openjdk-1.6.0.0.x86_64/jre/lib/amd64/libnio.so
2ac01526f000-2ac015272000 r--s 00077000 fd:00 4097181                    /usr/lib/jvm/java-1.6.0-openjdk-1.6.0.0.x86_64/jre/lib/ext/localedata.jar
2ac015272000-2ac015276000 r--s 0003b000 fd:00 3932419                    /usr/lib/jvm/java-1.6.0-openjdk-1.6.0.0.x86_64/jre/lib/jsse.jar
2ac015276000-2ac01527e000 r--s 00054000 fd:00 3932491                    /usr/lib/jvm/java-1.6.0-openjdk-1.6.0.0.x86_64/jre/lib/resources.jar
2ac01527e000-2ac015281000 ---p 2ac01527e000 00:00 0 
2ac015281000-2ac01537f000 rw-p 2ac015281000 00:00 0 
2ac01537f000-2ac015382000 ---p 2ac01537f000 00:00 0 
2ac015382000-2ac015480000 rw-p 2ac015382000 00:00 0 
2ac015480000-2ac015481000 r--p 2ac015480000 00:00 0 
2ac015481000-2ac015484000 ---p 2ac015481000 00:00 0 
2ac015484000-2ac015582000 rw-p 2ac015484000 00:00 0 
2ac015582000-2ac015585000 ---p 2ac015582000 00:00 0 
2ac015585000-2ac015683000 rw-p 2ac015585000 00:00 0 
2ac015683000-2ac01568b000 r--s 00000000 fd:00 3901741                    /var/cache/fontconfig/b79f3aaa7d385a141ab53ec885cc22a8-x86-64.cache-2
2ac01568b000-2ac01568d000 r--s 00000000 fd:00 3901739                    /var/cache/fontconfig/87f5e051180a7a75f16eb6fe7dbd3749-x86-64.cache-2
2ac01568d000-2ac015690000 r--s 00000000 fd:00 3901746                    /var/cache/fontconfig/fdb4a018037c133ed2ff41d1378148d0-x86-64.cache-2
2ac015690000-2ac015693000 r--s 00000000 fd:00 3901748                    /var/cache/fontconfig/ae30b330df83ba0e904b3d2eb05b9c75-x86-64.cache-2
2ac015693000-2ac0156a9000 r--s 00000000 fd:00 3901749                    /var/cache/fontconfig/d066cc093611c74861a22d5ef60b042c-x86-64.cache-2
2ac0156a9000-2ac0156d5000 r--s 00000000 fd:00 3804972                    /usr/share/fonts/default/Type1/p052024l.pfb
2ac0156d5000-2ac0156f7000 r--s 00000000 fd:00 3804962                    /usr/share/fonts/default/Type1/n022023l.pfb
2ac01571b000-2ac015734000 r--s 00000000 fd:00 3804938                    /usr/share/fonts/default/Type1/n019023l.pfb
2ac015734000-2ac015740000 r--s 00000000 fd:00 3804932                    /usr/share/fonts/default/Type1/d050000l.pfb
2ac015740000-2ac015767000 r--s 00000000 fd:00 3804964                    /usr/share/fonts/default/Type1/n022024l.pfb
2ac015767000-2ac01578b000 r--s 00000000 fd:00 3804916                    /usr/share/fonts/default/Type1/b018012l.pfb
2ac0157a3000-2ac0157ba000 r--s 00000000 fd:00 3804914                    /usr/share/fonts/default/Type1/a010035l.pfb
2ac0157ba000-2ac0157d3000 r--s 00000000 fd:00 3804936                    /usr/share/fonts/default/Type1/n019004l.pfb
2ac0157e9000-2ac015800000 r--s 00000000 fd:00 3804910                    /usr/share/fonts/default/Type1/a010015l.pfb
2ac015816000-2ac01583a000 r--s 00000000 fd:00 3804928                    /usr/share/fonts/default/Type1/c059033l.pfb
2ac01583a000-2ac015864000 r--s 00000000 fd:00 3804970                    /usr/share/fonts/default/Type1/p052023l.pfb
2ac015864000-2ac015887000 r--s 00000000 fd:00 3804930                    /usr/share/fonts/default/Type1/c059036l.pfb
2ac0158ac000-2ac0158d2000 r--s 00000000 fd:00 3804926                    /usr/share/fonts/default/Type1/c059016l.pfb
2ac0158e8000-2ac01590a000 r--s 00000000 fd:00 3804958                    /usr/share/fonts/default/Type1/n022003l.pfb
2ac01590a000-2ac015934000 r--s 00000000 fd:00 3804966                    /usr/share/fonts/default/Type1/p052003l.pfb
2ac015934000-2ac01594f000 r--s 00000000 fd:00 3804922                    /usr/share/fonts/default/Type1/b018035l.pfb
2ac01594f000-2ac015965000 r--s 00000000 fd:00 3804912                    /usr/share/fonts/default/Type1/a010033l.pfb
2ac015965000-2ac01598d000 r--s 00000000 fd:00 3804960                    /usr/share/fonts/default/Type1/n022004l.pfb
2ac0159b1000-2ac0159ba000 r--s 00000000 fd:00 3804974                    /usr/share/fonts/default/Type1/s050000l.pfb
2ac0159ba000-2ac0159e3000 r--s 00000000 fd:00 3804976                    /usr/share/fonts/default/Type1/z003034l.pfb
2ac0159e3000-2ac0159fc000 r--s 00000000 fd:00 3804934                    /usr/share/fonts/default/Type1/n019003l.pfb
2ac0159fc000-2ac015a1a000 r--s 00000000 fd:00 3804918                    /usr/share/fonts/default/Type1/b018015l.pfb
2ac015a1a000-2ac015a30000 r--s 00000000 fd:00 3804908                    /usr/share/fonts/default/Type1/a010013l.pfb
2ac015a30000-2ac015a48000 r--s 00000000 fd:00 3804940                    /usr/share/fonts/default/Type1/n019024l.pfb
2ac015a48000-2ac015a72000 r--s 00000000 fd:00 3804968                    /usr/share/fonts/default/Type1/p052004l.pfb
2ac015a72000-2ac015a98000 r--s 00000000 fd:00 3804924                    /usr/share/fonts/default/Type1/c059013l.pfb
2ac015abb000-2ac015adf000 r--s 00000000 fd:00 3804920                    /usr/share/fonts/default/Type1/b018032l.pfb
2ac015b39000-2ac015b4b000 r--s 00000000 fd:00 4654537                    /usr/share/X11/fonts/Type1/UTB_____.pfa
2ac015b4b000-2ac015b54000 r--s 00000000 fd:00 4654555                    /usr/share/X11/fonts/Type1/c0648bt_.pfb
2ac015b54000-2ac015b6e000 r--s 00000000 fd:00 4654588                    /usr/share/X11/fonts/Type1/l049033t.pfa
2ac015b6e000-2ac015b85000 r--s 00000000 fd:00 4654584                    /usr/share/X11/fonts/Type1/l049013t.pfa
2ac015ba3000-2ac015bbb000 r--s 00000000 fd:00 4654590                    /usr/share/X11/fonts/Type1/l049036t.pfa
2ac015bbb000-2ac015bcd000 r--s 00000000 fd:00 4654582                    /usr/share/X11/fonts/Type1/l048036t.pfa
2ac015bcd000-2ac015bd6000 r--s 00000000 fd:00 4654551                    /usr/share/X11/fonts/Type1/c0632bt_.pfb
2ac015bd6000-2ac015be8000 r--s 00000000 fd:00 4654576                    /usr/share/X11/fonts/Type1/l048013t.pfa
2ac015be8000-2ac015bff000 r--s 00000000 fd:00 4654586                    /usr/share/X11/fonts/Type1/l049016t.pfa
2ac015c27000-2ac015c30000 r--s 00000000 fd:00 4654553                    /usr/share/X11/fonts/Type1/c0633bt_.pfb
2ac015c71000-2ac015c83000 r--s 00000000 fd:00 4654578                    /usr/share/X11/fonts/Type1/l048016t.pfa
2ac015c83000-2ac015c96000 r--s 00000000 fd:00 4654535                    /usr/share/X11/fonts/Type1/UTBI____.pfa
2ac015cb5000-2ac015cc7000 r--s 00000000 fd:00 4654580                    /usr/share/X11/fonts/Type1/l048033t.pfa
2ac015cc7000-2ac015cda000 r--s 00000000 fd:00 4654539                    /usr/share/X11/fonts/Type1/UTI_____.pfa
2ac015cda000-2ac015ce3000 r--s 00000000 fd:00 4654557                    /usr/share/X11/fonts/Type1/c0649bt_.pfb
2ac015ce3000-2ac015cf5000 r--s 00000000 fd:00 4654541                    /usr/share/X11/fonts/Type1/UTRG____.pfa
2ac015cf5000-2ac015d04000 r--s 00000000 fd:00 37377                      /usr/share/fonts/default/ghostscript/hrger.pfa
2ac015d28000-2ac015d35000 r--s 00000000 fd:00 37386                      /usr/share/fonts/default/ghostscript/hritr.pfa
2ac015d35000-2ac015d40000 r--s 00000000 fd:00 37392                      /usr/share/fonts/default/ghostscript/hrpldi.pfa
2ac015d40000-2ac015d4b000 r--s 00000000 fd:00 37405                      /usr/share/fonts/default/ghostscript/hrscc.pfa
2ac015d4b000-2ac015d5a000 r--s 00000000 fd:00 37401                      /usr/share/fonts/default/ghostscript/hrplt.pfa
2ac015d5a000-2ac015d69000 r--s 00000000 fd:00 37383                      /usr/share/fonts/default/ghostscript/hrgrr.pfa
2ac015d7c000-2ac015d87000 r--s 00000000 fd:00 37389                      /usr/share/fonts/default/ghostscript/hrpld.pfa
2ac015d87000-2ac015d8a000 ---p 2ac015d87000 00:00 0 
2ac015d8a000-2ac015e88000 rw-p 2ac015d8a000 00:00 0 
2ac015e88000-2ac015e8b000 ---p 2ac015e88000 00:00 0 
2ac015e8b000-2ac015f89000 rw-p 2ac015e8b000 00:00 0 
2ac015f89000-2ac015f8c000 ---p 2ac015f89000 00:00 0 
2ac015f8c000-2ac01608a000 rw-p 2ac015f8c000 00:00 0 
2ac01608a000-2ac01608d000 ---p 2ac01608a000 00:00 0 
2ac01608d000-2ac01618b000 rw-p 2ac01608d000 00:00 0 
2ac018000000-2ac018574000 rw-p 2ac018000000 00:00 0 
2ac018574000-2ac01c000000 ---p 2ac018574000 00:00 0 
7fff48d3f000-7fff48d54000 rw-p 7ffffffe9000 00:00 0                      [stack]
7fff48d8c000-7fff48d8f000 r-xp 7fff48d8c000 00:00 0                      [vdso]
ffffffffff600000-ffffffffffe00000 ---p 00000000 00:00 0                  [vsyscall]

VM Arguments:
jvm_args: -Dapplication.home=/usr/lib/jvm/java-1.6.0-openjdk-1.6.0.0.x86_64 -Xms8m 
java_command: sun.applet.Main test.html
Launcher Type: SUN_STANDARD

Environment Variables:
PATH=/sbin:/bin:/usr/sbin:/usr/bin:/usr/local/sbin:/usr/local/bin:.:.
USERNAME=j6313067
LD_LIBRARY_PATH=/usr/lib/jvm/java-1.6.0-openjdk-1.6.0.0.x86_64/jre/lib/amd64/server:/usr/lib/jvm/java-1.6.0-openjdk-1.6.0.0.x86_64/jre/lib/amd64:/usr/lib/jvm/java-1.6.0-openjdk-1.6.0.0.x86_64/jre/../lib/amd64
SHELL=/bin/bash
DISPLAY=nodab014.ed.tus.ac.jp:0.0

Signal Handlers:
SIGSEGV: [libjvm.so+0x8dfe30], sa_mask[0]=0x7ffbfeff, sa_flags=0x10000004
SIGBUS: [libjvm.so+0x8dfe30], sa_mask[0]=0x7ffbfeff, sa_flags=0x10000004
SIGFPE: [libjvm.so+0x780ce0], sa_mask[0]=0x7ffbfeff, sa_flags=0x10000004
SIGPIPE: [libjvm.so+0x780ce0], sa_mask[0]=0x7ffbfeff, sa_flags=0x10000004
SIGXFSZ: [libjvm.so+0x780ce0], sa_mask[0]=0x7ffbfeff, sa_flags=0x10000004
SIGILL: [libjvm.so+0x780ce0], sa_mask[0]=0x7ffbfeff, sa_flags=0x10000004
SIGUSR1: SIG_DFL, sa_mask[0]=0x00000000, sa_flags=0x00000000
SIGUSR2: [libjvm.so+0x784920], sa_mask[0]=0x00000000, sa_flags=0x10000004
SIGHUP: [libjvm.so+0x782480], sa_mask[0]=0x7ffbfeff, sa_flags=0x10000004
SIGINT: [libjvm.so+0x782480], sa_mask[0]=0x7ffbfeff, sa_flags=0x10000004
SIGTERM: [libjvm.so+0x782480], sa_mask[0]=0x7ffbfeff, sa_flags=0x10000004
SIGQUIT: [libjvm.so+0x782480], sa_mask[0]=0x7ffbfeff, sa_flags=0x10000004


---------------  S Y S T E M  ---------------

OS:CentOS release 5.10 (Final)

uname:Linux 2.6.18-371.6.1.el5 #1 SMP Wed Mar 12 20:03:51 EDT 2014 x86_64
libc:glibc 2.5 NPTL 2.5 
rlimit: STACK 10240k, CORE 0k, NPROC 79897, NOFILE 1024, AS infinity
load average:0.09 0.12 0.09

/proc/meminfo:
MemTotal:     10230632 kB
MemFree:       7938896 kB
Buffers:        919464 kB
Cached:         489804 kB
SwapCached:          0 kB
Active:         938652 kB
Inactive:      1191780 kB
HighTotal:           0 kB
HighFree:            0 kB
LowTotal:     10230632 kB
LowFree:       7938896 kB
SwapTotal:     2097144 kB
SwapFree:      2097144 kB
Dirty:             492 kB
Writeback:           0 kB
AnonPages:      721276 kB
Mapped:          97076 kB
Slab:            91024 kB
PageTables:      38944 kB
NFS_Unstable:        0 kB
Bounce:              0 kB
CommitLimit:   7212460 kB
Committed_AS:  2101444 kB
VmallocTotal: 34359738367 kB
VmallocUsed:    264292 kB
VmallocChunk: 34359473519 kB
HugePages_Total:     0
HugePages_Free:      0
HugePages_Rsvd:      0
Hugepagesize:     2048 kB


CPU:total 4 (1 cores per cpu, 1 threads per core) family 6 model 44 stepping 2, cmov, cx8, fxsr, mmx, sse, sse2, sse3, ssse3, sse4.1, sse4.2, popcnt, tsc, tscinvbit, tscinv

/proc/cpuinfo:
processor	: 0
vendor_id	: GenuineIntel
cpu family	: 6
model		: 44
model name	: Intel(R) Xeon(R) CPU           E5640  @ 2.67GHz
stepping	: 2
cpu MHz		: 2660.000
cache size	: 12288 KB
fpu		: yes
fpu_exception	: yes
cpuid level	: 11
wp		: yes
flags		: fpu vme de pse tsc msr pae mce cx8 apic sep mtrr pge mca cmov pat pse36 clflush dts acpi mmx fxsr sse sse2 ss syscall nx rdtscp lm constant_tsc ida nonstop_tsc arat pni ssse3 cx16 sse4_1 sse4_2 popcnt lahf_lm
bogomips	: 5320.00
clflush size	: 64
cache_alignment	: 64
address sizes	: 40 bits physical, 48 bits virtual
power management: [8]

processor	: 1
vendor_id	: GenuineIntel
cpu family	: 6
model		: 44
model name	: Intel(R) Xeon(R) CPU           E5640  @ 2.67GHz
stepping	: 2
cpu MHz		: 2660.000
cache size	: 12288 KB
fpu		: yes
fpu_exception	: yes
cpuid level	: 11
wp		: yes
flags		: fpu vme de pse tsc msr pae mce cx8 apic sep mtrr pge mca cmov pat pse36 clflush dts acpi mmx fxsr sse sse2 ss syscall nx rdtscp lm constant_tsc ida nonstop_tsc arat pni ssse3 cx16 sse4_1 sse4_2 popcnt lahf_lm
bogomips	: 5320.00
clflush size	: 64
cache_alignment	: 64
address sizes	: 40 bits physical, 48 bits virtual
power management: [8]

processor	: 2
vendor_id	: GenuineIntel
cpu family	: 6
model		: 44
model name	: Intel(R) Xeon(R) CPU           E5640  @ 2.67GHz
stepping	: 2
cpu MHz		: 2660.000
cache size	: 12288 KB
fpu		: yes
fpu_exception	: yes
cpuid level	: 11
wp		: yes
flags		: fpu vme de pse tsc msr pae mce cx8 apic sep mtrr pge mca cmov pat pse36 clflush dts acpi mmx fxsr sse sse2 ss syscall nx rdtscp lm constant_tsc ida nonstop_tsc arat pni ssse3 cx16 sse4_1 sse4_2 popcnt lahf_lm
bogomips	: 5320.00
clflush size	: 64
cache_alignment	: 64
address sizes	: 40 bits physical, 48 bits virtual
power management: [8]

processor	: 3
vendor_id	: GenuineIntel
cpu family	: 6
model		: 44
model name	: Intel(R) Xeon(R) CPU           E5640  @ 2.67GHz
stepping	: 2
cpu MHz		: 2660.000
cache size	: 12288 KB
fpu		: yes
fpu_exception	: yes
cpuid level	: 11
wp		: yes
flags		: fpu vme de pse tsc msr pae mce cx8 apic sep mtrr pge mca cmov pat pse36 clflush dts acpi mmx fxsr sse sse2 ss syscall nx rdtscp lm constant_tsc ida nonstop_tsc arat pni ssse3 cx16 sse4_1 sse4_2 popcnt lahf_lm
bogomips	: 5320.00
clflush size	: 64
cache_alignment	: 64
address sizes	: 40 bits physical, 48 bits virtual
power management: [8]



Memory: 4k page, physical 10230632k(7938896k free), swap 2097144k(2097144k free)

vm_info: OpenJDK 64-Bit Server VM (23.25-b01) for linux-amd64 JRE (1.6.0_30-b30), built on Jan 30 2014 09:42:15 by "mockbuild" with gcc 4.1.2 20080704 (Red Hat 4.1.2-54)

time: Fri May  9 15:23:34 2014
elapsed time: 4593 seconds

